Sigilyph The World из команды синих вступает в бой!
Budew Star Platinum из команды зеленых вступает в бой!
Sigilyph The World использует способность Hypnosis. 
Budew Star Platinum уменьшает скорость.
Budew Star Platinum засыпает

Budew Star Platinum использует способность Facade. 
Sigilyph The World теряет 9 здоровья.

Sigilyph The World атакует. 
Критический удар!
Budew Star Platinum теряет 88 здоровья.

Budew Star Platinum использует способность Facade. 
Sigilyph The World теряет 11 здоровья.

Sigilyph The World атакует. 
Budew Star Platinum теряет 41 здоровья.
Budew Star Platinum уменьшает специальную защиту.
Budew Star Platinum теряет сознание.
Roselia Silver Chariot из команды зеленых вступает в бой!
Sigilyph The World использует способность Dream Eater. 
Критический удар!
Sigilyph The World восстанавливает 124 здоровья.

Roselia Silver Chariot использует способность Mega Drain. 
Sigilyph The World теряет 31 здоровья.
Roselia Silver Chariot восстанавливает 53 здоровья.

Sigilyph The World использует способность Dark Pulse. 
Критический удар!
Roselia Silver Chariot теряет 48 здоровья.

Roselia Silver Chariot использует способность Facade. 
Sigilyph The World теряет 23 здоровья.

Sigilyph The World использует способность Hypnosis. 
Roselia Silver Chariot уменьшает скорость.
Roselia Silver Chariot засыпает

Roselia Silver Chariot использует способность Facade. 
Sigilyph The World теряет 18 здоровья.

Sigilyph The World использует способность Dream Eater. 
Sigilyph The World восстанавливает 50 здоровья.

Roselia Silver Chariot использует способность Facade. 
Sigilyph The World теряет 28 здоровья.

Sigilyph The World использует способность Dream Eater. 
Sigilyph The World восстанавливает 77 здоровья.

Roselia Silver Chariot использует способность Mega Drain. 
Sigilyph The World теряет 20 здоровья.
Roselia Silver Chariot восстанавливает 53 здоровья.

Sigilyph The World атакует. 
Критический удар!
Roselia Silver Chariot теряет 50 здоровья.

Roselia Silver Chariot использует способность Facade. 
Sigilyph The World теряет 28 здоровья.

Sigilyph The World использует способность Dark Pulse. 
Roselia Silver Chariot теряет 26 здоровья.

Roselia Silver Chariot использует способность Mega Drain. 
Sigilyph The World теряет 29 здоровья.
Roselia Silver Chariot восстанавливает 53 здоровья.

Sigilyph The World использует способность Dream Eater. 
Sigilyph The World восстанавливает 44 здоровья.

Roselia Silver Chariot использует способность Pin Missile. 
Sigilyph The World теряет 21 здоровья.

Sigilyph The World использует способность Hypnosis. 
Roselia Silver Chariot уменьшает скорость.
Roselia Silver Chariot засыпает

Roselia Silver Chariot использует способность Pin Missile. 
Sigilyph The World теряет 16 здоровья.

Sigilyph The World использует способность Dark Pulse. 
Roselia Silver Chariot теряет 25 здоровья.

Roselia Silver Chariot использует способность Mega Drain. 
Sigilyph The World теряет 36 здоровья.
Roselia Silver Chariot восстанавливает 53 здоровья.

Sigilyph The World использует способность Dream Eater. 
Sigilyph The World восстанавливает 41 здоровья.

Roselia Silver Chariot использует способность Pin Missile. 
Sigilyph The World теряет 13 здоровья.

Sigilyph The World использует способность Dream Eater. 
Sigilyph The World восстанавливает 79 здоровья.

Roselia Silver Chariot использует способность Facade. 
Sigilyph The World теряет 24 здоровья.

Sigilyph The World атакует. 
Критический удар!
Roselia Silver Chariot теряет 54 здоровья.

Roselia Silver Chariot использует способность Mega Drain. 
Sigilyph The World теряет 23 здоровья.
Roselia Silver Chariot восстанавливает 53 здоровья.

Sigilyph The World использует способность Dream Eater. 
Критический удар!
Sigilyph The World восстанавливает 118 здоровья.

Roselia Silver Chariot использует способность Pin Missile. 
Sigilyph The World теряет 22 здоровья.

Sigilyph The World использует способность Hypnosis. 
Roselia Silver Chariot уменьшает скорость.
Roselia Silver Chariot засыпает

Roselia Silver Chariot использует способность Mega Drain. 
Sigilyph The World теряет 21 здоровья.
Roselia Silver Chariot восстанавливает 53 здоровья.

Sigilyph The World использует способность Dark Pulse. 
Критический удар!
Roselia Silver Chariot теряет 65 здоровья.

Roselia Silver Chariot использует способность Mega Drain. 
Sigilyph The World теряет 34 здоровья.
Roselia Silver Chariot восстанавливает 53 здоровья.

Sigilyph The World использует способность Hypnosis. 
Roselia Silver Chariot уменьшает скорость.
Roselia Silver Chariot засыпает


Sigilyph The World атакует. 
Roselia Silver Chariot теряет 24 здоровья.


Sigilyph The World использует способность Dream Eater. 
Критический удар!
Sigilyph The World восстанавливает 135 здоровья.

Roselia Silver Chariot использует способность Mega Drain. 
Sigilyph The World теряет 37 здоровья.
Roselia Silver Chariot восстанавливает 53 здоровья.

Sigilyph The World использует способность Hypnosis. 
Roselia Silver Chariot уменьшает скорость.
Roselia Silver Chariot засыпает

Roselia Silver Chariot использует способность Facade. 
Sigilyph The World теряет 19 здоровья.

Sigilyph The World использует способность Dark Pulse. 
Roselia Silver Chariot теряет 36 здоровья.


Sigilyph The World использует способность Dream Eater. 
Roselia Silver Chariot теряет 121 здоровья.
Sigilyph The World восстанавливает 60 здоровья.


Sigilyph The World использует способность Dream Eater. 
Критический удар!
Sigilyph The World восстанавливает 82 здоровья.

Roselia Silver Chariot использует способность Mega Drain. 
Sigilyph The World теряет 22 здоровья.
Roselia Silver Chariot восстанавливает 53 здоровья.

Sigilyph The World атакует. 
Roselia Silver Chariot теряет 43 здоровья.

Roselia Silver Chariot использует способность Pin Missile. 
Sigilyph The World теряет 22 здоровья.

Sigilyph The World атакует. 
Roselia Silver Chariot теряет 37 здоровья.

Roselia Silver Chariot использует способность Facade. 
Sigilyph The World теряет 26 здоровья.

Sigilyph The World использует способность Dream Eater. 
Критический удар!
Sigilyph The World восстанавливает 119 здоровья.

Roselia Silver Chariot использует способность Pin Missile. 
Sigilyph The World теряет 17 здоровья.

Sigilyph The World использует способность Dream Eater. 
Sigilyph The World восстанавливает 64 здоровья.

Roselia Silver Chariot использует способность Mega Drain. 
Sigilyph The World теряет 35 здоровья.
Roselia Silver Chariot восстанавливает 53 здоровья.

Sigilyph The World использует способность Dream Eater. 
Sigilyph The World восстанавливает 57 здоровья.

Roselia Silver Chariot использует способность Facade. 
Sigilyph The World теряет 18 здоровья.

Sigilyph The World атакует. 
Roselia Silver Chariot теряет 40 здоровья.
Roselia Silver Chariot уменьшает специальную защиту.

Roselia Silver Chariot использует способность Pin Missile. 
Sigilyph The World теряет 21 здоровья.

Sigilyph The World атакует. 
Критический удар!
Roselia Silver Chariot теряет 35 здоровья.

Roselia Silver Chariot использует способность Pin Missile. 
Sigilyph The World теряет 19 здоровья.

Sigilyph The World использует способность Dark Pulse. 
Roselia Silver Chariot теряет 16 здоровья.

Roselia Silver Chariot использует способность Pin Missile. 
Sigilyph The World теряет 18 здоровья.

Sigilyph The World использует способность Dream Eater. 
Sigilyph The World восстанавливает 30 здоровья.

Roselia Silver Chariot использует способность Facade. 
Sigilyph The World теряет 15 здоровья.

Sigilyph The World использует способность Dream Eater. 
Критический удар!
Sigilyph The World восстанавливает 60 здоровья.

Roselia Silver Chariot использует способность Facade. 
Sigilyph The World теряет 20 здоровья.

Sigilyph The World использует способность Dream Eater. 
Критический удар!
Sigilyph The World восстанавливает 61 здоровья.

Roselia Silver Chariot использует способность Pin Missile. 
Sigilyph The World теряет 18 здоровья.

Sigilyph The World использует способность Dark Pulse. 
Roselia Silver Chariot теряет 17 здоровья.

Roselia Silver Chariot использует способность Pin Missile. 
Sigilyph The World теряет 23 здоровья.

Sigilyph The World использует способность Hypnosis. 
Roselia Silver Chariot уменьшает скорость.
Roselia Silver Chariot засыпает

Roselia Silver Chariot использует способность Facade. 
Sigilyph The World теряет 20 здоровья.

Sigilyph The World использует способность Dark Pulse. 
Roselia Silver Chariot теряет 25 здоровья.


Sigilyph The World использует способность Hypnosis. 
Roselia Silver Chariot уменьшает скорость.
Roselia Silver Chariot засыпает


Sigilyph The World использует способность Hypnosis. 
Roselia Silver Chariot уменьшает скорость.
Roselia Silver Chariot засыпает

Roselia Silver Chariot использует способность Pin Missile. 
Sigilyph The World теряет 15 здоровья.

Sigilyph The World использует способность Hypnosis. 
Roselia Silver Chariot уменьшает скорость.


Sigilyph The World использует способность Hypnosis. 
Roselia Silver Chariot уменьшает скорость.
Roselia Silver Chariot засыпает

Roselia Silver Chariot использует способность Facade. 
Sigilyph The World теряет 21 здоровья.

Sigilyph The World атакует. 
Roselia Silver Chariot теряет 15 здоровья.

Roselia Silver Chariot использует способность Mega Drain. 
Sigilyph The World теряет 23 здоровья.
Roselia Silver Chariot восстанавливает 53 здоровья.

Sigilyph The World использует способность Hypnosis. 
Roselia Silver Chariot уменьшает скорость.
Roselia Silver Chariot засыпает

Roselia Silver Chariot использует способность Mega Drain. 
Sigilyph The World теряет 35 здоровья.
Roselia Silver Chariot восстанавливает 53 здоровья.

Sigilyph The World атакует. 
Критический удар!
Roselia Silver Chariot теряет 32 здоровья.


Sigilyph The World использует способность Dream Eater. 
Roselia Silver Chariot теряет 47 здоровья.
Sigilyph The World восстанавливает 23 здоровья.


Sigilyph The World использует способность Hypnosis. 
Roselia Silver Chariot уменьшает скорость.
Roselia Silver Chariot засыпает

Roselia Silver Chariot использует способность Pin Missile. 
Sigilyph The World теряет 18 здоровья.

Sigilyph The World использует способность Dark Pulse. 
Roselia Silver Chariot теряет 24 здоровья.


Sigilyph The World использует способность Hypnosis. 
Roselia Silver Chariot уменьшает скорость.


Sigilyph The World использует способность Dark Pulse. 
Roselia Silver Chariot теряет 13 здоровья.

Roselia Silver Chariot использует способность Facade. 
Sigilyph The World теряет 25 здоровья.

Sigilyph The World атакует. 
Roselia Silver Chariot теряет 25 здоровья.
Roselia Silver Chariot теряет сознание.
Roserade Tusk Act 4 из команды зеленых вступает в бой!
Roserade Tusk Act 4 использует способность Mega Drain. 
Sigilyph The World теряет 33 здоровья.
Roserade Tusk Act 4 восстанавливает 63 здоровья.

Sigilyph The World атакует. 
Roserade Tusk Act 4 теряет 30 здоровья.
Roserade Tusk Act 4 уменьшает специальную защиту.

Roserade Tusk Act 4 использует способность Pin Missile. 
Критический удар!
Sigilyph The World теряет 31 здоровья.

Sigilyph The World использует способность Dream Eater. 
Sigilyph The World восстанавливает 18 здоровья.

Roserade Tusk Act 4 использует способность Mega Drain. 
Sigilyph The World теряет 25 здоровья.
Roserade Tusk Act 4 восстанавливает 63 здоровья.

Sigilyph The World атакует. 
Критический удар!
Roserade Tusk Act 4 теряет 31 здоровья.

Roserade Tusk Act 4 использует способность Facade. 
Sigilyph The World теряет 29 здоровья.

Sigilyph The World использует способность Hypnosis. 
Roserade Tusk Act 4 уменьшает скорость.
Roserade Tusk Act 4 засыпает

Sigilyph The World использует способность Dark Pulse. 
Roserade Tusk Act 4 теряет 14 здоровья.


Sigilyph The World использует способность Dark Pulse. 
Критический удар!
Roserade Tusk Act 4 теряет 33 здоровья.

Roserade Tusk Act 4 использует способность Mega Drain. 
Sigilyph The World теряет 28 здоровья.
Roserade Tusk Act 4 восстанавливает 63 здоровья.

Sigilyph The World использует способность Dark Pulse. 
Критический удар!
Roserade Tusk Act 4 теряет 21 здоровья.

Roserade Tusk Act 4 использует способность Double Team. 
Roserade Tusk Act 4 увеличивает уклоняемость.

Sigilyph The World использует способность Dream Eater. 
Sigilyph The World восстанавливает 28 здоровья.

Roserade Tusk Act 4 использует способность Facade. 
Sigilyph The World теряет 28 здоровья.

Sigilyph The World атакует. 
Roserade Tusk Act 4 теряет 18 здоровья.

Roserade Tusk Act 4 использует способность Pin Missile. 
Sigilyph The World теряет 25 здоровья.

Sigilyph The World использует способность Dream Eater. 
Sigilyph The World восстанавливает 35 здоровья.

Roserade Tusk Act 4 использует способность Pin Missile. 
Sigilyph The World теряет 25 здоровья.

Sigilyph The World использует способность Dream Eater. 
Sigilyph The World восстанавливает 18 здоровья.

Roserade Tusk Act 4 использует способность Facade. 
Sigilyph The World теряет 32 здоровья.

Sigilyph The World использует способность Dream Eater. 
Критический удар!
Sigilyph The World восстанавливает 48 здоровья.

Roserade Tusk Act 4 использует способность Pin Missile. 
Sigilyph The World теряет 29 здоровья.

Sigilyph The World использует способность Dark Pulse. 
Критический удар!
Roserade Tusk Act 4 теряет 32 здоровья.

Roserade Tusk Act 4 использует способность Mega Drain. 
Sigilyph The World теряет 39 здоровья.
Roserade Tusk Act 4 восстанавливает 63 здоровья.

Sigilyph The World использует способность Dream Eater. 
Sigilyph The World восстанавливает 28 здоровья.

Roserade Tusk Act 4 использует способность Double Team. 
Roserade Tusk Act 4 увеличивает уклоняемость.

Sigilyph The World использует способность Dark Pulse. 
Критический удар!
Roserade Tusk Act 4 теряет 32 здоровья.

Roserade Tusk Act 4 использует способность Double Team. 
Roserade Tusk Act 4 увеличивает уклоняемость.

Sigilyph The World атакует. 
Roserade Tusk Act 4 теряет 19 здоровья.

Roserade Tusk Act 4 использует способность Pin Missile. 
Sigilyph The World теряет 15 здоровья.

Sigilyph The World атакует. 
Критический удар!
Roserade Tusk Act 4 теряет 29 здоровья.

Roserade Tusk Act 4 использует способность Mega Drain. 
Sigilyph The World теряет 44 здоровья.
Roserade Tusk Act 4 восстанавливает 63 здоровья.

Sigilyph The World использует способность Dream Eater. 
Sigilyph The World восстанавливает 32 здоровья.

Roserade Tusk Act 4 использует способность Facade. 
Sigilyph The World теряет 24 здоровья.

Sigilyph The World атакует. 
Критический удар!
Roserade Tusk Act 4 теряет 33 здоровья.

Roserade Tusk Act 4 использует способность Mega Drain. 
Sigilyph The World теряет 35 здоровья.
Roserade Tusk Act 4 восстанавливает 63 здоровья.

Sigilyph The World использует способность Dark Pulse. 
Критический удар!
Roserade Tusk Act 4 теряет 26 здоровья.

Roserade Tusk Act 4 использует способность Double Team. 
Roserade Tusk Act 4 увеличивает уклоняемость.

Sigilyph The World использует способность Dream Eater. 
Sigilyph The World восстанавливает 20 здоровья.

Roserade Tusk Act 4 использует способность Double Team. 
Roserade Tusk Act 4 увеличивает уклоняемость.

Sigilyph The World атакует. 
Roserade Tusk Act 4 теряет 16 здоровья.

Roserade Tusk Act 4 использует способность Pin Missile. 
Sigilyph The World теряет 25 здоровья.

Sigilyph The World использует способность Dream Eater. 
Sigilyph The World восстанавливает 28 здоровья.

Roserade Tusk Act 4 использует способность Facade. 
Sigilyph The World теряет 24 здоровья.

Sigilyph The World использует способность Dream Eater. 
Sigilyph The World восстанавливает 30 здоровья.

Roserade Tusk Act 4 использует способность Pin Missile. 
Sigilyph The World теряет 27 здоровья.

Sigilyph The World атакует. 
Roserade Tusk Act 4 теряет 18 здоровья.

Roserade Tusk Act 4 использует способность Facade. 
Sigilyph The World теряет 25 здоровья.

Sigilyph The World использует способность Hypnosis. 
Roserade Tusk Act 4 уменьшает скорость.
Roserade Tusk Act 4 засыпает

Roserade Tusk Act 4 использует способность Facade. 
Sigilyph The World теряет 20 здоровья.

Sigilyph The World атакует. 
Roserade Tusk Act 4 теряет 13 здоровья.
Roserade Tusk Act 4 уменьшает специальную защиту.

Roserade Tusk Act 4 использует способность Mega Drain. 
Sigilyph The World теряет 28 здоровья.
Roserade Tusk Act 4 восстанавливает 63 здоровья.

Sigilyph The World использует способность Dream Eater. 
Критический удар!
Sigilyph The World восстанавливает 8 здоровья.

Roserade Tusk Act 4 использует способность Double Team. 
Roserade Tusk Act 4 увеличивает уклоняемость.

Sigilyph The World использует способность Dream Eater. 
Sigilyph The World восстанавливает 3 здоровья.

Roserade Tusk Act 4 использует способность Pin Missile. 
Sigilyph The World теряет 19 здоровья.

Sigilyph The World атакует. 
Roserade Tusk Act 4 теряет 3 здоровья.

Roserade Tusk Act 4 использует способность Pin Missile. 
Sigilyph The World теряет 16 здоровья.

Sigilyph The World использует способность Hypnosis. 
Roserade Tusk Act 4 уменьшает скорость.
Roserade Tusk Act 4 засыпает

Roserade Tusk Act 4 использует способность Pin Missile. 
Sigilyph The World теряет 29 здоровья.

Sigilyph The World атакует. 
Roserade Tusk Act 4 теряет 3 здоровья.


Sigilyph The World использует способность Dark Pulse. 
Roserade Tusk Act 4 теряет 3 здоровья.


Sigilyph The World атакует. 
Критический удар!
Roserade Tusk Act 4 теряет 7 здоровья.
Roserade Tusk Act 4 уменьшает специальную защиту.

Roserade Tusk Act 4 использует способность Pin Missile. 
Sigilyph The World теряет 21 здоровья.

Sigilyph The World использует способность Dream Eater. 
Критический удар!
Sigilyph The World теряет 30 здоровья.

Roserade Tusk Act 4 использует способность Facade. 
Sigilyph The World теряет 21 здоровья.

Sigilyph The World использует способность Dark Pulse. 
Roserade Tusk Act 4 восстанавливает 8 здоровья.

Roserade Tusk Act 4 использует способность Mega Drain. 
Sigilyph The World теряет 29 здоровья.
Roserade Tusk Act 4 восстанавливает 63 здоровья.

Sigilyph The World использует способность Dream Eater. 
Критический удар!
Sigilyph The World теряет 32 здоровья.

Roserade Tusk Act 4 использует способность Pin Missile. 
Sigilyph The World теряет 27 здоровья.

Sigilyph The World использует способность Dark Pulse. 
Roserade Tusk Act 4 восстанавливает 7 здоровья.

Roserade Tusk Act 4 использует способность Facade. 
Sigilyph The World теряет 22 здоровья.
Sigilyph The World теряет сознание.
Wimpod Killer Queen из команды синих вступает в бой!
Wimpod Killer Queen использует способность Struggle Bug. 
Roserade Tusk Act 4 теряет 2 здоровья.
Roserade Tusk Act 4 уменьшает специальную атаку.

Roserade Tusk Act 4 использует способность Mega Drain. 
Wimpod Killer Queen теряет 109 здоровья.
Roserade Tusk Act 4 восстанавливает 63 здоровья.

Wimpod Killer Queen использует способность Facade. 
Критический удар!
Roserade Tusk Act 4 теряет 20 здоровья.

Roserade Tusk Act 4 использует способность Pin Missile. 
Wimpod Killer Queen теряет 23 здоровья.
Wimpod Killer Queen теряет сознание.
Golisopod D4C из команды синих вступает в бой!
Golisopod D4C использует способность Struggle Bug. 
Roserade Tusk Act 4 восстанавливает 3 здоровья.
Roserade Tusk Act 4 уменьшает специальную атаку.

Roserade Tusk Act 4 использует способность Mega Drain. 
Golisopod D4C восстанавливает 1 здоровья.
Roserade Tusk Act 4 восстанавливает 63 здоровья.

Golisopod D4C использует способность Struggle Bug. 
Roserade Tusk Act 4 восстанавливает 4 здоровья.
Roserade Tusk Act 4 уменьшает специальную атаку.

Roserade Tusk Act 4 использует способность Pin Missile. 
Golisopod D4C теряет 9 здоровья.

Golisopod D4C использует способность Struggle Bug. 
Критический удар!
Roserade Tusk Act 4 восстанавливает 12 здоровья.
Roserade Tusk Act 4 уменьшает специальную атаку.

Roserade Tusk Act 4 использует способность Mega Drain. 
Golisopod D4C восстанавливает 18 здоровья.
Roserade Tusk Act 4 восстанавливает 63 здоровья.

Golisopod D4C промахивается

Roserade Tusk Act 4 использует способность Mega Drain. 
Golisopod D4C восстанавливает 17 здоровья.
Roserade Tusk Act 4 восстанавливает 63 здоровья.

Golisopod D4C использует способность Struggle Bug. 
Roserade Tusk Act 4 восстанавливает 6 здоровья.
Roserade Tusk Act 4 уменьшает специальную атаку.

Roserade Tusk Act 4 использует способность Double Team. 
Roserade Tusk Act 4 увеличивает уклоняемость.

Golisopod D4C использует способность Dark Pulse. 
Roserade Tusk Act 4 восстанавливает 9 здоровья.

Roserade Tusk Act 4 использует способность Mega Drain. 
Golisopod D4C восстанавливает 11 здоровья.
Roserade Tusk Act 4 восстанавливает 63 здоровья.

Golisopod D4C использует способность Facade. 
Roserade Tusk Act 4 теряет 36 здоровья.

Roserade Tusk Act 4 использует способность Mega Drain. 
Golisopod D4C восстанавливает 11 здоровья.
Roserade Tusk Act 4 восстанавливает 63 здоровья.

Golisopod D4C использует способность Facade. 
Roserade Tusk Act 4 теряет 53 здоровья.

Roserade Tusk Act 4 использует способность Facade. 
Golisopod D4C теряет 15 здоровья.

Golisopod D4C использует способность Struggle Bug. 
Roserade Tusk Act 4 восстанавливает 4 здоровья.
Roserade Tusk Act 4 уменьшает специальную атаку.

Roserade Tusk Act 4 использует способность Mega Drain. 
Golisopod D4C восстанавливает 6 здоровья.
Roserade Tusk Act 4 восстанавливает 63 здоровья.

Golisopod D4C промахивается

Roserade Tusk Act 4 использует способность Mega Drain. 
Golisopod D4C восстанавливает 7 здоровья.
Roserade Tusk Act 4 восстанавливает 63 здоровья.

Golisopod D4C использует способность Struggle Bug. 
Roserade Tusk Act 4 восстанавливает 4 здоровья.
Roserade Tusk Act 4 уменьшает специальную атаку.

Roserade Tusk Act 4 использует способность Mega Drain. 
Golisopod D4C восстанавливает 4 здоровья.
Roserade Tusk Act 4 восстанавливает 63 здоровья.

Golisopod D4C использует способность Facade. 
Roserade Tusk Act 4 теряет 63 здоровья.

Roserade Tusk Act 4 использует способность Facade. 
Golisopod D4C теряет 16 здоровья.

Golisopod D4C использует способность Dark Pulse. 
Roserade Tusk Act 4 восстанавливает 8 здоровья.

Roserade Tusk Act 4 использует способность Facade. 
Golisopod D4C теряет 13 здоровья.

Golisopod D4C использует способность Struggle Bug. 
Roserade Tusk Act 4 восстанавливает 6 здоровья.
Roserade Tusk Act 4 уменьшает специальную атаку.

Roserade Tusk Act 4 использует способность Double Team. 
Roserade Tusk Act 4 увеличивает уклоняемость.

Golisopod D4C использует способность Dark Pulse. 
Критический удар!
Roserade Tusk Act 4 восстанавливает 16 здоровья.

Roserade Tusk Act 4 использует способность Facade. 
Golisopod D4C теряет 19 здоровья.

Golisopod D4C использует способность Struggle Bug. 
Roserade Tusk Act 4 восстанавливает 5 здоровья.
Roserade Tusk Act 4 уменьшает специальную атаку.

Roserade Tusk Act 4 использует способность Mega Drain. 
Golisopod D4C восстанавливает 6 здоровья.
Roserade Tusk Act 4 восстанавливает 63 здоровья.

Golisopod D4C использует способность Facade. 
Критический удар!
Roserade Tusk Act 4 теряет 78 здоровья.

Roserade Tusk Act 4 использует способность Pin Missile. 
Golisopod D4C теряет 10 здоровья.

Golisopod D4C использует способность Struggle Bug. 
Roserade Tusk Act 4 восстанавливает 4 здоровья.
Roserade Tusk Act 4 уменьшает специальную атаку.

Roserade Tusk Act 4 использует способность Pin Missile. 
Golisopod D4C теряет 9 здоровья.

Golisopod D4C использует способность Dark Pulse. 
Roserade Tusk Act 4 восстанавливает 9 здоровья.

Roserade Tusk Act 4 использует способность Pin Missile. 
Golisopod D4C теряет 8 здоровья.

Golisopod D4C использует способность Facade. 
Roserade Tusk Act 4 теряет 123 здоровья.


Golisopod D4C использует способность Facade. 
Roserade Tusk Act 4 теряет 186 здоровья.


Golisopod D4C использует способность Facade. 
Roserade Tusk Act 4 теряет 114 здоровья.

Roserade Tusk Act 4 использует способность Mega Drain. 
Golisopod D4C восстанавливает 4 здоровья.
Roserade Tusk Act 4 восстанавливает 63 здоровья.

Golisopod D4C использует способность Facade. 
Roserade Tusk Act 4 теряет 165 здоровья.

Roserade Tusk Act 4 использует способность Mega Drain. 
Golisopod D4C восстанавливает 7 здоровья.
Roserade Tusk Act 4 восстанавливает 63 здоровья.

Golisopod D4C промахивается

Roserade Tusk Act 4 использует способность Facade. 
Golisopod D4C теряет 11 здоровья.

Golisopod D4C использует способность Dark Pulse. 
Критический удар!
Roserade Tusk Act 4 восстанавливает 11 здоровья.

Roserade Tusk Act 4 использует способность Pin Missile. 
Golisopod D4C теряет 9 здоровья.

Golisopod D4C использует способность Dark Pulse. 
Roserade Tusk Act 4 восстанавливает 7 здоровья.

Roserade Tusk Act 4 использует способность Facade. 
Golisopod D4C теряет 13 здоровья.

Golisopod D4C использует способность Dark Pulse. 
Roserade Tusk Act 4 восстанавливает 7 здоровья.


Golisopod D4C использует способность Struggle Bug. 
Критический удар!
Roserade Tusk Act 4 восстанавливает 9 здоровья.
Roserade Tusk Act 4 уменьшает специальную атаку.

Roserade Tusk Act 4 использует способность Facade. 
Golisopod D4C теряет 17 здоровья.

Golisopod D4C использует способность Struggle Bug. 
Roserade Tusk Act 4 восстанавливает 6 здоровья.
Roserade Tusk Act 4 уменьшает специальную атаку.

Roserade Tusk Act 4 использует способность Double Team. 
Roserade Tusk Act 4 увеличивает уклоняемость.

Golisopod D4C использует способность Struggle Bug. 
Критический удар!
Roserade Tusk Act 4 восстанавливает 13 здоровья.
Roserade Tusk Act 4 уменьшает специальную атаку.

Roserade Tusk Act 4 использует способность Mega Drain. 
Golisopod D4C восстанавливает 5 здоровья.
Roserade Tusk Act 4 восстанавливает 63 здоровья.

Golisopod D4C промахивается

Roserade Tusk Act 4 использует способность Facade. 
Golisopod D4C теряет 18 здоровья.

Golisopod D4C использует способность Dark Pulse. 
Roserade Tusk Act 4 восстанавливает 9 здоровья.

Roserade Tusk Act 4 использует способность Double Team. 
Roserade Tusk Act 4 увеличивает уклоняемость.

Golisopod D4C использует способность Dark Pulse. 
Критический удар!
Roserade Tusk Act 4 восстанавливает 19 здоровья.

Roserade Tusk Act 4 использует способность Facade. 
Golisopod D4C теряет 17 здоровья.

Golisopod D4C использует способность Facade. 
Roserade Tusk Act 4 теряет 47 здоровья.

Roserade Tusk Act 4 использует способность Mega Drain. 
Golisopod D4C восстанавливает 6 здоровья.
Roserade Tusk Act 4 восстанавливает 63 здоровья.

Golisopod D4C использует способность Dark Pulse. 
Roserade Tusk Act 4 восстанавливает 9 здоровья.

Roserade Tusk Act 4 использует способность Double Team. 
Roserade Tusk Act 4 увеличивает уклоняемость.

Golisopod D4C использует способность Struggle Bug. 
Roserade Tusk Act 4 восстанавливает 3 здоровья.
Roserade Tusk Act 4 уменьшает специальную атаку.

Roserade Tusk Act 4 использует способность Mega Drain. 
Golisopod D4C восстанавливает 5 здоровья.
Roserade Tusk Act 4 восстанавливает 63 здоровья.

Golisopod D4C использует способность Struggle Bug. 
Roserade Tusk Act 4 восстанавливает 5 здоровья.
Roserade Tusk Act 4 уменьшает специальную атаку.

Roserade Tusk Act 4 использует способность Mega Drain. 
Golisopod D4C восстанавливает 4 здоровья.
Roserade Tusk Act 4 восстанавливает 63 здоровья.

Golisopod D4C использует способность Facade. 
Roserade Tusk Act 4 теряет 55 здоровья.

Roserade Tusk Act 4 использует способность Pin Missile. 
Golisopod D4C теряет 10 здоровья.

Golisopod D4C использует способность Dark Pulse. 
Roserade Tusk Act 4 восстанавливает 9 здоровья.

Roserade Tusk Act 4 использует способность Facade. 
Golisopod D4C теряет 20 здоровья.

Golisopod D4C использует способность Struggle Bug. 
Критический удар!
Roserade Tusk Act 4 восстанавливает 9 здоровья.
Roserade Tusk Act 4 уменьшает специальную атаку.

Roserade Tusk Act 4 использует способность Facade. 
Golisopod D4C теряет 17 здоровья.

Golisopod D4C промахивается

Roserade Tusk Act 4 использует способность Double Team. 
Roserade Tusk Act 4 увеличивает уклоняемость.

Golisopod D4C промахивается

Roserade Tusk Act 4 использует способность Facade. 
Golisopod D4C теряет 19 здоровья.

Golisopod D4C использует способность Facade. 
Roserade Tusk Act 4 теряет 32 здоровья.

Roserade Tusk Act 4 использует способность Facade. 
Golisopod D4C теряет 16 здоровья.

Golisopod D4C промахивается

Roserade Tusk Act 4 использует способность Facade. 
Golisopod D4C теряет 17 здоровья.

Golisopod D4C промахивается

Roserade Tusk Act 4 использует способность Pin Missile. 
Golisopod D4C теряет 9 здоровья.

Golisopod D4C промахивается

Roserade Tusk Act 4 использует способность Mega Drain. 
Golisopod D4C восстанавливает 5 здоровья.
Roserade Tusk Act 4 восстанавливает 63 здоровья.

Golisopod D4C промахивается

Roserade Tusk Act 4 использует способность Double Team. 
Roserade Tusk Act 4 увеличивает уклоняемость.

Golisopod D4C использует способность Dark Pulse. 
Roserade Tusk Act 4 восстанавливает 7 здоровья.

Roserade Tusk Act 4 использует способность Double Team. 
Roserade Tusk Act 4 увеличивает уклоняемость.

Golisopod D4C использует способность Dark Pulse. 
Roserade Tusk Act 4 восстанавливает 7 здоровья.

Roserade Tusk Act 4 использует способность Double Team. 
Roserade Tusk Act 4 увеличивает уклоняемость.

Golisopod D4C использует способность Dark Pulse. 
Roserade Tusk Act 4 восстанавливает 7 здоровья.

Roserade Tusk Act 4 использует способность Mega Drain. 
Golisopod D4C восстанавливает 6 здоровья.
Roserade Tusk Act 4 восстанавливает 63 здоровья.

Golisopod D4C промахивается


Golisopod D4C использует способность Struggle Bug. 
Roserade Tusk Act 4 восстанавливает 5 здоровья.
Roserade Tusk Act 4 уменьшает специальную атаку.


Golisopod D4C промахивается

Roserade Tusk Act 4 использует способность Mega Drain. 
Golisopod D4C восстанавливает 6 здоровья.
Roserade Tusk Act 4 восстанавливает 63 здоровья.

Golisopod D4C промахивается

Roserade Tusk Act 4 использует способность Double Team. 
Roserade Tusk Act 4 увеличивает уклоняемость.

Golisopod D4C использует способность Dark Pulse. 
Roserade Tusk Act 4 восстанавливает 5 здоровья.

Roserade Tusk Act 4 использует способность Mega Drain. 
Golisopod D4C восстанавливает 5 здоровья.
Roserade Tusk Act 4 восстанавливает 63 здоровья.

Golisopod D4C использует способность Facade. 
Roserade Tusk Act 4 теряет 62 здоровья.

Roserade Tusk Act 4 использует способность Facade. 
Golisopod D4C теряет 16 здоровья.

Golisopod D4C промахивается

Roserade Tusk Act 4 использует способность Mega Drain. 
Golisopod D4C восстанавливает 5 здоровья.
Roserade Tusk Act 4 восстанавливает 63 здоровья.

Golisopod D4C использует способность Struggle Bug. 
Roserade Tusk Act 4 восстанавливает 6 здоровья.
Roserade Tusk Act 4 уменьшает специальную атаку.

Roserade Tusk Act 4 использует способность Pin Missile. 
Golisopod D4C теряет 9 здоровья.

Golisopod D4C использует способность Facade. 
Roserade Tusk Act 4 теряет 134 здоровья.

Roserade Tusk Act 4 использует способность Mega Drain. 
Golisopod D4C восстанавливает 4 здоровья.
Roserade Tusk Act 4 восстанавливает 63 здоровья.

Golisopod D4C использует способность Dark Pulse. 
Roserade Tusk Act 4 восстанавливает 7 здоровья.

Roserade Tusk Act 4 использует способность Mega Drain. 
Golisopod D4C восстанавливает 7 здоровья.
Roserade Tusk Act 4 восстанавливает 63 здоровья.

Golisopod D4C использует способность Facade. 
Roserade Tusk Act 4 теряет 52 здоровья.

Roserade Tusk Act 4 использует способность Facade. 
Golisopod D4C теряет 15 здоровья.

Golisopod D4C использует способность Dark Pulse. 
Roserade Tusk Act 4 восстанавливает 5 здоровья.

Roserade Tusk Act 4 использует способность Double Team. 
Roserade Tusk Act 4 увеличивает уклоняемость.

Golisopod D4C использует способность Struggle Bug. 
Критический удар!
Roserade Tusk Act 4 восстанавливает 8 здоровья.
Roserade Tusk Act 4 уменьшает специальную атаку.

Roserade Tusk Act 4 использует способность Facade. 
Golisopod D4C теряет 14 здоровья.

Golisopod D4C использует способность Struggle Bug. 
Roserade Tusk Act 4 восстанавливает 6 здоровья.
Roserade Tusk Act 4 уменьшает специальную атаку.

Roserade Tusk Act 4 использует способность Mega Drain. 
Golisopod D4C восстанавливает 5 здоровья.
Roserade Tusk Act 4 восстанавливает 63 здоровья.

Golisopod D4C использует способность Facade. 
Roserade Tusk Act 4 теряет 49 здоровья.

Roserade Tusk Act 4 использует способность Mega Drain. 
Golisopod D4C восстанавливает 6 здоровья.
Roserade Tusk Act 4 восстанавливает 63 здоровья.

Golisopod D4C использует способность Struggle Bug. 
Roserade Tusk Act 4 восстанавливает 5 здоровья.
Roserade Tusk Act 4 уменьшает специальную атаку.

Roserade Tusk Act 4 использует способность Double Team. 
Roserade Tusk Act 4 увеличивает уклоняемость.

Golisopod D4C использует способность Struggle Bug. 
Критический удар!
Roserade Tusk Act 4 восстанавливает 8 здоровья.
Roserade Tusk Act 4 уменьшает специальную атаку.

Roserade Tusk Act 4 использует способность Pin Missile. 
Golisopod D4C теряет 7 здоровья.

Golisopod D4C использует способность Dark Pulse. 
Roserade Tusk Act 4 восстанавливает 5 здоровья.

Roserade Tusk Act 4 использует способность Mega Drain. 
Golisopod D4C восстанавливает 7 здоровья.
Roserade Tusk Act 4 восстанавливает 63 здоровья.

Golisopod D4C использует способность Dark Pulse. 
Roserade Tusk Act 4 восстанавливает 6 здоровья.

Roserade Tusk Act 4 использует способность Pin Missile. 
Golisopod D4C теряет 10 здоровья.

Golisopod D4C использует способность Facade. 
Roserade Tusk Act 4 теряет 162 здоровья.

Roserade Tusk Act 4 использует способность Facade. 
Golisopod D4C теряет 14 здоровья.

Golisopod D4C использует способность Dark Pulse. 
Roserade Tusk Act 4 восстанавливает 9 здоровья.

Roserade Tusk Act 4 использует способность Facade. 
Golisopod D4C теряет 13 здоровья.

Golisopod D4C использует способность Dark Pulse. 
Критический удар!
Roserade Tusk Act 4 восстанавливает 16 здоровья.

Roserade Tusk Act 4 использует способность Pin Missile. 
Golisopod D4C теряет 6 здоровья.
Golisopod D4C теряет сознание.
В команде синих не осталось покемонов.
Команда зеленых побеждает в этом бою!

